[2026-05-29 11:56:22.505][00000000.006] I/pclog ===== session start =====
[2026-05-29 11:56:22.505][00000000.006] I/pclog logfile: pclogs/luatos_pc_20260529_115622_505.log
[2026-05-29 11:56:22.505][00000000.006] I/pclog cwd: D:\github\LuatOS\.worktrees\pgfs-perf-air1601
[2026-05-29 11:56:22.505][00000000.006] I/pclog argc: 3
[2026-05-29 11:56:22.505][00000000.006] I/pclog argv[0]: bsp\pc\build\out\luatos-lua.exe
[2026-05-29 11:56:22.505][00000000.006] I/pclog argv[1]: testcase\common\scripts
[2026-05-29 11:56:22.505][00000000.006] I/pclog argv[2]: testcase\unit_testcase_tools\pgfs_nes_unzip_probe\scripts
[2026-05-29 11:56:22.506][00000000.006] I/pclog =========================
[2026-05-29 11:56:22.503][00000000.005] W/uart uart library not found, fallback to UDP driver
[2026-05-29 11:56:22.508][00000000.009] I/fs 依赖裁剪完成, 文件总数 11, 剔除脚本 8
[2026-05-29 11:56:22.508][00000000.009] I/main LuatOS@PC base 26.04 bsp V2031 32bit
[2026-05-29 11:56:22.508][00000000.009] I/main ROM Build: May 29 2026 11:26:01
[2026-05-29 11:56:22.508][00000000.009] D/main loadlibs luavm 4194296 16600 21896
[2026-05-29 11:56:22.508][00000000.009] D/main loadlibs sys   2097144 5976 2091168
[2026-05-29 11:56:22.508][00000000.009] D/main loadlibs psram 16777208 0 0
[2026-05-29 11:56:22.508][00000000.009] I/user.pgfs_nes_unzip start PC
[2026-05-29 11:56:22.511][00000000.012] D/luat.ch347 loaded CH347DLL.DLL
[2026-05-29 11:56:22.522][00000000.023] D/luat.ch347 no device found
[2026-05-29 11:56:22.538][00000000.039] I/luat.spi virtual nand enabled profile=dev size=134217728 page=2048 block_pages=64 read_us=50 prog_us=700 erase_us=2000 bad_ratio=0.0010 speed_factor=1.00 seed=3596638427 jedec=00 EF AA 21
[2026-05-29 11:56:22.538][00000000.039] I/little_flash SFDP header not found.
[2026-05-29 11:56:22.538][00000000.039] I/little_flash JEDEC ID: manufacturer_id:0xEF device_id:0xAA21 
[2026-05-29 11:56:22.538][00000000.039] I/little_flash little flash found flash W25N01GVZEIG
[2026-05-29 11:56:22.538][00000000.039] I/little_flash little_flash_reset start
[2026-05-29 11:56:22.538][00000000.039] I/little_flash little_flash_reset after wait_busy #1 result=0
[2026-05-29 11:56:22.592][00000000.092] I/little_flash little_flash_reset after wait_busy #2 result=0
[2026-05-29 11:56:22.592][00000000.092] I/little_flash little_flash_reset done
[2026-05-29 11:56:22.592][00000000.092] D/little_flash pgfs_default_bus offset=0 maxsize=67108864
[2026-05-29 11:56:22.592][00000000.092] D/little_flash vfs mount start /little_flash/ fs pgfs offset 0 size 67108864
[2026-05-29 11:56:25.765][00000003.265] D/little_flash vfs mount /little_flash/ fs pgfs ret 0
[2026-05-29 11:56:25.765][00000003.265] I/miniz ZIP file size: 801758 bytes
[2026-05-29 11:56:25.765][00000003.265] I/miniz ZIP file contains 14 files
[2026-05-29 11:56:25.765][00000003.265] I/miniz Processing file [1/14]: NES_Emulator/data/BattleCity.nes -> /little_flash/app_store/NES_Emulator/data/BattleCity.nes
[2026-05-29 11:56:25.765][00000003.266] I/miniz Extracted done: NES_Emulator/data/BattleCity.nes (24719 bytes)
[2026-05-29 11:56:29.160][00000006.660] D/pgfs perf close path=app_store/NES_Emulator/data/BattleCity.nes size=24719 gc=0 alloc=0 append=3394 apply=0 cp=0 total=3394 cp_flush=0 pending_cp=1
[2026-05-29 11:56:29.160][00000006.660] I/miniz Processing file [2/14]: NES_Emulator/data/BomberMan.nes -> /little_flash/app_store/NES_Emulator/data/BomberMan.nes
[2026-05-29 11:56:29.160][00000006.660] I/miniz Extracted done: NES_Emulator/data/BomberMan.nes (24592 bytes)
[2026-05-29 11:56:29.394][00000006.895] D/pgfs perf close path=app_store/NES_Emulator/data/BomberMan.nes size=24592 gc=0 alloc=0 append=235 apply=0 cp=0 total=235 cp_flush=0 pending_cp=2
[2026-05-29 11:56:29.394][00000006.895] I/miniz Processing file [3/14]: NES_Emulator/data/Castlevania.nes -> /little_flash/app_store/NES_Emulator/data/Castlevania.nes
[2026-05-29 11:56:29.394][00000006.895] I/miniz Extracting NES_Emulator/data/Castlevania.nes: wrote 32768 bytes
[2026-05-29 11:56:29.394][00000006.895] I/miniz Extracting NES_Emulator/data/Castlevania.nes: wrote 65536 bytes
[2026-05-29 11:56:29.394][00000006.895] I/miniz Extracting NES_Emulator/data/Castlevania.nes: wrote 98304 bytes
[2026-05-29 11:56:29.394][00000006.895] I/miniz Extracting NES_Emulator/data/Castlevania.nes: wrote 131072 bytes
[2026-05-29 11:56:29.394][00000006.895] I/miniz Extracted done: NES_Emulator/data/Castlevania.nes (131088 bytes)
[2026-05-29 11:56:29.694][00000007.194] D/pgfs perf close path=app_store/NES_Emulator/data/Castlevania.nes size=32784 gc=0 alloc=0 append=299 apply=0 cp=0 total=299 cp_flush=0 pending_cp=3
[2026-05-29 11:56:29.694][00000007.194] I/miniz Processing file [4/14]: NES_Emulator/data/Contra1.nes -> /little_flash/app_store/NES_Emulator/data/Contra1.nes
[2026-05-29 11:56:29.694][00000007.195] I/miniz Extracting NES_Emulator/data/Contra1.nes: wrote 32768 bytes
[2026-05-29 11:56:29.694][00000007.195] I/miniz Extracting NES_Emulator/data/Contra1.nes: wrote 65536 bytes
[2026-05-29 11:56:29.694][00000007.195] I/miniz Extracting NES_Emulator/data/Contra1.nes: wrote 98304 bytes
[2026-05-29 11:56:29.694][00000007.195] I/miniz Extracting NES_Emulator/data/Contra1.nes: wrote 131072 bytes
[2026-05-29 11:56:29.694][00000007.195] I/miniz Extracted done: NES_Emulator/data/Contra1.nes (131088 bytes)
[2026-05-29 11:56:29.993][00000007.493] D/pgfs perf close path=app_store/NES_Emulator/data/Contra1.nes size=32784 gc=0 alloc=0 append=298 apply=0 cp=0 total=298 cp_flush=0 pending_cp=4
[2026-05-29 11:56:29.993][00000007.493] I/miniz Processing file [5/14]: NES_Emulator/data/FireEmblem.nes -> /little_flash/app_store/NES_Emulator/data/FireEmblem.nes
[2026-05-29 11:56:29.993][00000007.494] I/miniz Extracting NES_Emulator/data/FireEmblem.nes: wrote 32768 bytes
[2026-05-29 11:56:29.993][00000007.494] I/miniz Extracting NES_Emulator/data/FireEmblem.nes: wrote 65536 bytes
[2026-05-29 11:56:29.994][00000007.494] I/miniz Extracting NES_Emulator/data/FireEmblem.nes: wrote 98304 bytes
[2026-05-29 11:56:29.994][00000007.494] I/miniz Extracting NES_Emulator/data/FireEmblem.nes: wrote 131072 bytes
[2026-05-29 11:56:29.994][00000007.494] I/miniz Extracting NES_Emulator/data/FireEmblem.nes: wrote 163840 bytes
[2026-05-29 11:56:29.994][00000007.495] I/miniz Extracting NES_Emulator/data/FireEmblem.nes: wrote 196608 bytes
[2026-05-29 11:56:29.994][00000007.495] I/miniz Extracting NES_Emulator/data/FireEmblem.nes: wrote 229376 bytes
[2026-05-29 11:56:29.995][00000007.495] I/miniz Extracting NES_Emulator/data/FireEmblem.nes: wrote 262144 bytes
[2026-05-29 11:56:29.995][00000007.495] I/miniz Extracting NES_Emulator/data/FireEmblem.nes: wrote 294912 bytes
[2026-05-29 11:56:29.995][00000007.495] I/miniz Extracting NES_Emulator/data/FireEmblem.nes: wrote 327680 bytes
[2026-05-29 11:56:29.995][00000007.495] I/miniz Extracting NES_Emulator/data/FireEmblem.nes: wrote 360448 bytes
[2026-05-29 11:56:29.995][00000007.496] I/miniz Extracting NES_Emulator/data/FireEmblem.nes: wrote 393216 bytes
[2026-05-29 11:56:29.995][00000007.496] I/miniz Extracted done: NES_Emulator/data/FireEmblem.nes (393232 bytes)
[2026-05-29 11:56:31.294][00000008.795] D/pgfs perf close path=app_store/NES_Emulator/data/FireEmblem.nes size=163856 gc=0 alloc=0 append=1299 apply=0 cp=0 total=1299 cp_flush=0 pending_cp=5
[2026-05-29 11:56:31.294][00000008.795] I/miniz Processing file [6/14]: NES_Emulator/data/Jackal.NES -> /little_flash/app_store/NES_Emulator/data/Jackal.NES
[2026-05-29 11:56:31.294][00000008.795] I/miniz Extracting NES_Emulator/data/Jackal.NES: wrote 32768 bytes
[2026-05-29 11:56:31.294][00000008.795] I/miniz Extracting NES_Emulator/data/Jackal.NES: wrote 65536 bytes
[2026-05-29 11:56:31.294][00000008.795] I/miniz Extracting NES_Emulator/data/Jackal.NES: wrote 98304 bytes
[2026-05-29 11:56:31.294][00000008.796] I/miniz Extracting NES_Emulator/data/Jackal.NES: wrote 131072 bytes
[2026-05-29 11:56:31.295][00000008.796] I/miniz Extracted done: NES_Emulator/data/Jackal.NES (131088 bytes)
[2026-05-29 11:56:31.594][00000009.095] D/pgfs perf close path=app_store/NES_Emulator/data/Jackal.NES size=32784 gc=0 alloc=0 append=299 apply=0 cp=0 total=299 cp_flush=0 pending_cp=6
[2026-05-29 11:56:31.594][00000009.095] I/miniz Processing file [7/14]: NES_Emulator/data/Lifeporce.nes -> /little_flash/app_store/NES_Emulator/data/Lifeporce.nes
[2026-05-29 11:56:31.594][00000009.095] I/miniz Extracting NES_Emulator/data/Lifeporce.nes: wrote 32768 bytes
[2026-05-29 11:56:31.594][00000009.095] I/miniz Extracting NES_Emulator/data/Lifeporce.nes: wrote 65536 bytes
[2026-05-29 11:56:31.594][00000009.096] I/miniz Extracting NES_Emulator/data/Lifeporce.nes: wrote 98304 bytes
[2026-05-29 11:56:31.594][00000009.096] I/miniz Extracting NES_Emulator/data/Lifeporce.nes: wrote 131072 bytes
[2026-05-29 11:56:31.594][00000009.096] I/miniz Extracted done: NES_Emulator/data/Lifeporce.nes (131088 bytes)
[2026-05-29 11:56:31.891][00000009.392] D/pgfs perf close path=app_store/NES_Emulator/data/Lifeporce.nes size=32784 gc=0 alloc=0 append=296 apply=0 cp=0 total=296 cp_flush=0 pending_cp=7
[2026-05-29 11:56:31.891][00000009.392] I/miniz Processing file [8/14]: NES_Emulator/data/MapleStory.nes -> /little_flash/app_store/NES_Emulator/data/MapleStory.nes
[2026-05-29 11:56:31.891][00000009.392] I/miniz Extracting NES_Emulator/data/MapleStory.nes: wrote 32768 bytes
[2026-05-29 11:56:31.891][00000009.392] I/miniz Extracting NES_Emulator/data/MapleStory.nes: wrote 65536 bytes
[2026-05-29 11:56:31.891][00000009.392] I/miniz Extracted done: NES_Emulator/data/MapleStory.nes (65552 bytes)
[2026-05-29 11:56:35.381][00000012.881] D/pgfs perf close path=app_store/NES_Emulator/data/MapleStory.nes size=32784 gc=0 alloc=0 append=300 apply=0 cp=3189 total=3489 cp_flush=1 pending_cp=0
[2026-05-29 11:56:35.381][00000012.881] I/miniz Processing file [9/14]: NES_Emulator/data/Mighty.nes -> /little_flash/app_store/NES_Emulator/data/Mighty.nes
[2026-05-29 11:56:35.381][00000012.882] I/miniz Extracting NES_Emulator/data/Mighty.nes: wrote 32768 bytes
[2026-05-29 11:56:35.381][00000012.882] I/miniz Extracting NES_Emulator/data/Mighty.nes: wrote 65536 bytes
[2026-05-29 11:56:35.381][00000012.882] I/miniz Extracting NES_Emulator/data/Mighty.nes: wrote 98304 bytes
[2026-05-29 11:56:35.381][00000012.882] I/miniz Extracting NES_Emulator/data/Mighty.nes: wrote 131072 bytes
[2026-05-29 11:56:35.382][00000012.882] I/miniz Extracting NES_Emulator/data/Mighty.nes: wrote 163840 bytes
[2026-05-29 11:56:35.382][00000012.883] I/miniz Extracting NES_Emulator/data/Mighty.nes: wrote 196608 bytes
[2026-05-29 11:56:35.382][00000012.883] I/miniz Extracting NES_Emulator/data/Mighty.nes: wrote 229376 bytes
[2026-05-29 11:56:35.382][00000012.883] I/miniz Extracting NES_Emulator/data/Mighty.nes: wrote 262144 bytes
[2026-05-29 11:56:35.382][00000012.883] I/miniz Extracting NES_Emulator/data/Mighty.nes: wrote 294912 bytes
[2026-05-29 11:56:35.382][00000012.883] I/miniz Extracting NES_Emulator/data/Mighty.nes: wrote 327680 bytes
[2026-05-29 11:56:35.382][00000012.883] I/miniz Extracting NES_Emulator/data/Mighty.nes: wrote 360448 bytes
[2026-05-29 11:56:35.382][00000012.883] I/miniz Extracting NES_Emulator/data/Mighty.nes: wrote 393216 bytes
[2026-05-29 11:56:35.382][00000012.883] I/miniz Extracting NES_Emulator/data/Mighty.nes: wrote 425984 bytes
[2026-05-29 11:56:35.383][00000012.883] I/miniz Extracting NES_Emulator/data/Mighty.nes: wrote 458752 bytes
[2026-05-29 11:56:35.383][00000012.884] I/miniz Extracting NES_Emulator/data/Mighty.nes: wrote 491520 bytes
[2026-05-29 11:56:35.383][00000012.884] I/miniz Extracting NES_Emulator/data/Mighty.nes: wrote 524288 bytes
[2026-05-29 11:56:35.383][00000012.884] I/miniz Extracting NES_Emulator/data/Mighty.nes: wrote 557056 bytes
[2026-05-29 11:56:35.383][00000012.884] I/miniz Extracting NES_Emulator/data/Mighty.nes: wrote 589824 bytes
[2026-05-29 11:56:35.383][00000012.884] I/miniz Extracting NES_Emulator/data/Mighty.nes: wrote 622592 bytes
[2026-05-29 11:56:35.383][00000012.884] I/miniz Extracting NES_Emulator/data/Mighty.nes: wrote 655360 bytes
[2026-05-29 11:56:35.383][00000012.884] I/miniz Extracting NES_Emulator/data/Mighty.nes: wrote 688128 bytes
[2026-05-29 11:56:35.383][00000012.884] I/miniz Extracting NES_Emulator/data/Mighty.nes: wrote 720896 bytes
[2026-05-29 11:56:35.383][00000012.884] I/miniz Extracting NES_Emulator/data/Mighty.nes: wrote 753664 bytes
[2026-05-29 11:56:35.383][00000012.884] I/miniz Extracting NES_Emulator/data/Mighty.nes: wrote 786432 bytes
[2026-05-29 11:56:35.384][00000012.884] I/miniz Extracted done: NES_Emulator/data/Mighty.nes (786464 bytes)
[2026-05-29 11:56:39.350][00000016.851] D/pgfs perf close path=app_store/NES_Emulator/data/Mighty.nes size=98336 gc=0 alloc=0 append=3967 apply=0 cp=0 total=3967 cp_flush=0 pending_cp=1
[2026-05-29 11:56:39.350][00000016.851] I/miniz Processing file [10/14]: NES_Emulator/data/SuperMarioBros.nes -> /little_flash/app_store/NES_Emulator/data/SuperMarioBros.nes
[2026-05-29 11:56:39.350][00000016.851] I/miniz Extracting NES_Emulator/data/SuperMarioBros.nes: wrote 32768 bytes
[2026-05-29 11:56:39.350][00000016.851] I/miniz Extracted done: NES_Emulator/data/SuperMarioBros.nes (40976 bytes)
[2026-05-29 11:56:39.461][00000016.961] D/pgfs perf close path=app_store/NES_Emulator/data/SuperMarioBros.nes size=8208 gc=0 alloc=0 append=110 apply=0 cp=0 total=110 cp_flush=0 pending_cp=2
[2026-05-29 11:56:39.461][00000016.961] I/miniz Processing file [11/14]: NES_Emulator/icon.png -> /little_flash/app_store/NES_Emulator/icon.png
[2026-05-29 11:56:39.461][00000016.961] I/miniz Extracted done: NES_Emulator/icon.png (599 bytes)
[2026-05-29 11:56:39.508][00000017.008] D/pgfs perf close path=app_store/NES_Emulator/icon.png size=599 gc=0 alloc=0 append=47 apply=0 cp=0 total=47 cp_flush=0 pending_cp=3
[2026-05-29 11:56:39.508][00000017.008] I/miniz Processing file [12/14]: NES_Emulator/main.lua -> /little_flash/app_store/NES_Emulator/main.lua
[2026-05-29 11:56:39.508][00000017.008] I/miniz Extracted done: NES_Emulator/main.lua (158 bytes)
[2026-05-29 11:56:39.555][00000017.055] D/pgfs perf close path=app_store/NES_Emulator/main.lua size=158 gc=0 alloc=0 append=47 apply=0 cp=0 total=47 cp_flush=0 pending_cp=4
[2026-05-29 11:56:39.555][00000017.055] I/miniz Processing file [13/14]: NES_Emulator/user/nes_emulator.lua -> /little_flash/app_store/NES_Emulator/user/nes_emulator.lua
[2026-05-29 11:56:39.555][00000017.056] I/miniz Extracted done: NES_Emulator/user/nes_emulator.lua (19032 bytes)
[2026-05-29 11:56:39.743][00000017.243] D/pgfs perf close path=app_store/NES_Emulator/user/nes_emulator.lua size=19032 gc=0 alloc=0 append=187 apply=0 cp=0 total=187 cp_flush=0 pending_cp=5
[2026-05-29 11:56:39.743][00000017.243] I/miniz Processing file [14/14]: NES_Emulator/meta.json -> /little_flash/app_store/NES_Emulator/meta.json
[2026-05-29 11:56:39.743][00000017.243] I/miniz Extracted done: NES_Emulator/meta.json (575 bytes)
[2026-05-29 11:56:39.789][00000017.290] D/pgfs perf close path=app_store/NES_Emulator/meta.json size=575 gc=0 alloc=0 append=47 apply=0 cp=0 total=47 cp_flush=0 pending_cp=6
[2026-05-29 11:56:39.789][00000017.290] I/user.pgfs_nes_unzip ### PGFS_NES_UNZIP_METRIC ### unzip_ms=14 reset_ms=1 entries=1
[2026-05-29 11:56:39.789][00000017.290] I/user.pgfs_nes_unzip unzip durable entries=1
[2026-05-29 11:56:39.789][00000017.290] I/user.pgfs_nes_unzip ### PGFS_NES_UNZIP_PASS ###
